
Fetching ep 354... FAILED You have a nil object when you didn't expect it!
You might have expected an instance of ActiveRecord::Base.
The error occurred while evaluating nil.[]

Fetching ep 293... FAILED You have a nil object when you didn't expect it!
You might have expected an instance of ActiveRecord::Base.
The error occurred while evaluating nil.[]

Fetching ep 200... FAILED You have a nil object when you didn't expect it!
The error occurred while evaluating nil.inner_html
Fetching ep 201... FAILED You have a nil object when you didn't expect it!
The error occurred while evaluating nil.inner_html
Fetching ep 202... FAILED You have a nil object when you didn't expect it!
The error occurred while evaluating nil.inner_html
Fetching ep 203... FAILED You have a nil object when you didn't expect it!
The error occurred while evaluating nil.inner_html
Fetching ep 204... FAILED You have a nil object when you didn't expect it!
The error occurred while evaluating nil.inner_html
Fetching ep 205... FAILED You have a nil object when you didn't expect it!
The error occurred while evaluating nil.inner_html
Fetching ep 206... FAILED You have a nil object when you didn't expect it!
The error occurred while evaluating nil.inner_html
Fetching ep 207... FAILED You have a nil object when you didn't expect it!
The error occurred while evaluating nil.inner_html
Fetching ep 208... FAILED You have a nil object when you didn't expect it!
The error occurred while evaluating nil.inner_html
Fetching ep 209... FAILED You have a nil object when you didn't expect it!
The error occurred while evaluating nil.inner_html
Fetching ep 210... FAILED You have a nil object when you didn't expect it!
The error occurred while evaluating nil.inner_html
Fetching ep 211... FAILED You have a nil object when you didn't expect it!
The error occurred while evaluating nil.inner_html
Fetching ep 212... FAILED 404 Not Found
Fetching ep 213... FAILED 404 Not Found
Fetching ep 214... FAILED 404 Not Found
Fetching ep 215... ok
Fetching ep 216... ok
Fetching ep 217... ok
Fetching ep 218... ok
Fetching ep 219... ok
Fetching ep 220... FAILED 404 Not Found
Fetching ep 221... ok
Fetching ep 222... ok
Fetching ep 223... ok
Fetching ep 224... ok
Fetching ep 225... ok
Fetching ep 226... ok
Fetching ep 227... ok
Fetching ep 228... ok
Fetching ep 229... ok
Fetching ep 230... ok
Fetching ep 231... ok
Fetching ep 232... ok
Fetching ep 233... ok
Fetching ep 234... ok
Fetching ep 235... ok
Fetching ep 236... ok
Fetching ep 237... ok
Fetching ep 238... ok
Fetching ep 239... ok
Fetching ep 240... ok
Fetching ep 241... ok
Fetching ep 242... ok
Fetching ep 243... ok
Fetching ep 244... ok
Fetching ep 245... ok
Fetching ep 246... ok
Fetching ep 247... ok
Fetching ep 248... ok
Fetching ep 249... ok
Fetching ep 250... FAILED Validation failed: No has already been taken, Di url has already been taken
=> [200, 201, 202, 203, 204, 205, 206, 207, 208, 209, 210, 211, 212, 213, 214, 220, 250]

